15:47:16.143 [main] INFO  - Blank Username and password
15:47:16.778 [main] INFO  - Blank password
15:47:17.387 [main] INFO  - Blank username
15:47:18.004 [main] INFO  - Invalid username and password
15:47:23.164 [main] INFO  - Valid username and password
16:54:43.364 [main] INFO  - Blank Username and password
16:54:43.945 [main] INFO  - Blank password
16:54:44.483 [main] INFO  - Blank username
16:54:45.033 [main] INFO  - Invalid username and password
16:54:48.660 [main] INFO  - Valid username and password
17:13:56.635 [main] INFO  - Blank Username and password
17:13:57.197 [main] INFO  - Blank password
17:13:57.758 [main] INFO  - Blank username
17:13:58.478 [main] INFO  - Invalid username and password
17:14:03.281 [main] INFO  - Valid username and password
17:14:43.914 [main] INFO  - Blank Username and password
17:14:44.524 [main] INFO  - Blank password
17:14:45.066 [main] INFO  - Blank username
17:14:45.646 [main] INFO  - Invalid username and password
17:14:48.889 [main] INFO  - Valid username and password
17:17:19.985 [main] INFO  - Blank Username and password
17:17:20.719 [main] INFO  - Blank password
17:17:21.377 [main] INFO  - Blank username
17:17:21.985 [main] INFO  - Invalid username and password
17:17:25.672 [main] INFO  - Valid username and password
17:25:21.791 [main] INFO  - Blank Username and password
17:25:22.521 [main] INFO  - Blank password
17:25:23.151 [main] INFO  - Blank username
17:25:23.870 [main] INFO  - Invalid username and password
17:25:27.377 [main] INFO  - Valid username and password
17:35:45.911 [main] INFO  - Blank Username and password
17:35:46.437 [main] INFO  - Blank password
17:35:46.875 [main] INFO  - Blank username
17:35:47.306 [main] INFO  - Invalid username and password
17:35:50.791 [main] INFO  - Valid username and password
17:38:09.785 [main] INFO  - Blank Username and password
17:38:10.265 [main] INFO  - Blank password
17:38:10.705 [main] INFO  - Blank username
17:38:11.270 [main] INFO  - Invalid username and password
17:38:14.337 [main] INFO  - Valid username and password
17:42:52.455 [main] INFO  - Blank Username and password
17:42:52.952 [main] INFO  - Blank password
17:42:53.403 [main] INFO  - Blank username
17:42:53.845 [main] INFO  - Invalid username and password
17:42:57.208 [main] INFO  - Valid username and password
18:37:31.644 [main] INFO  - Blank Username and password
18:37:32.450 [main] INFO  - Blank password
18:37:32.986 [main] INFO  - Blank username
18:37:35.428 [main] INFO  - Invalid username and password
18:37:36.616 [main] INFO  - Valid username and password
18:38:19.328 [main] INFO  - Blank Username and password
18:38:19.961 [main] INFO  - Blank password
18:38:20.495 [main] INFO  - Blank username
18:38:22.240 [main] INFO  - Invalid username and password
18:38:24.628 [main] INFO  - Valid username and password
18:40:13.959 [main] INFO  - Blank Username and password
18:40:14.574 [main] INFO  - Blank password
18:40:15.146 [main] INFO  - Blank username
18:40:15.646 [main] INFO  - Invalid username and password
18:40:18.396 [main] INFO  - Valid username and password
23:49:03.083 [main] INFO  - Blank Username and password
23:49:03.729 [main] INFO  - Blank password
23:49:04.243 [main] INFO  - Blank username
23:49:04.758 [main] INFO  - Invalid username and password
23:49:08.997 [main] INFO  - Valid username and password
23:52:10.554 [main] INFO  - Blank Username and password
23:52:11.310 [main] INFO  - Blank password
23:52:11.846 [main] INFO  - Blank username
23:52:12.409 [main] INFO  - Invalid username and password
23:52:16.268 [main] INFO  - Valid username and password
09:08:28.325 [main] INFO  - Blank Username and password
09:08:28.796 [main] INFO  - Blank password
09:08:29.236 [main] INFO  - Blank username
09:08:29.677 [main] INFO  - Invalid username and password
09:08:33.586 [main] INFO  - Valid username and password
10:57:59.221 [main] INFO  - Blank Username and password
10:57:59.665 [main] INFO  - Blank password
10:58:00.313 [main] INFO  - Blank username
10:58:00.910 [main] INFO  - Invalid username and password
10:58:04.565 [main] INFO  - Valid username and password
11:19:43.897 [main] INFO  - Blank Username and password
11:19:44.459 [main] INFO  - Blank password
11:19:44.974 [main] INFO  - Blank username
11:19:45.502 [main] INFO  - Invalid username and password
11:19:48.933 [main] INFO  - Valid username and password
12:18:01.248 [main] INFO  - Blank Username and password
12:18:01.781 [main] INFO  - Blank password
12:18:02.276 [main] INFO  - Blank username
12:18:02.992 [main] INFO  - Invalid username and password
12:18:05.207 [main] INFO  - Valid username and password
12:30:33.125 [main] INFO  - Blank Username and password
12:30:33.637 [main] INFO  - Blank password
12:30:34.096 [main] INFO  - Blank username
12:30:34.526 [main] INFO  - Invalid username and password
12:30:38.179 [main] INFO  - Valid username and password
12:33:12.336 [main] INFO  - Blank Username and password
12:33:12.883 [main] INFO  - Blank password
12:33:13.347 [main] INFO  - Blank username
12:33:15.490 [main] INFO  - Invalid username and password
12:33:17.948 [main] INFO  - Valid username and password
12:50:48.492 [main] INFO  - Blank Username and password
12:50:48.999 [main] INFO  - Blank password
12:50:49.451 [main] INFO  - Blank username
12:50:49.914 [main] INFO  - Invalid username and password
12:50:53.251 [main] INFO  - Valid username and password
12:56:06.411 [main] INFO  - Blank Username and password
12:56:06.937 [main] INFO  - Blank password
12:56:07.388 [main] INFO  - Blank username
12:56:07.821 [main] INFO  - Invalid username and password
12:56:11.587 [main] INFO  - Valid username and password
13:12:13.441 [main] INFO  - Blank Username and password
13:12:14.071 [main] INFO  - Blank password
13:12:14.652 [main] INFO  - Blank username
13:12:15.238 [main] INFO  - Invalid username and password
13:12:17.435 [main] INFO  - Valid username and password
13:12:17.440 [main] INFO  - Successfully Logged in!!
13:12:21.481 [main] INFO  - Click on (1) Pending Self Review of My Action Div
13:12:22.207 [main] INFO  - Click on Configure And Dropdown opened.
13:12:23.606 [main] INFO  - Select Kpi menu And clicked
13:12:23.606 [main] INFO  - Performance/Configure page is opened
13:12:25.212 [main] INFO  - Click on add button
13:12:25.213 [main] INFO  - KPI form opened
13:12:26.681 [main] INFO  - Filled up KPI form
13:12:27.485 [main] INFO  - Clicked on cancel button to check its functionality
13:12:27.486 [main] INFO  - Back to Performance/Configure page
13:12:28.920 [main] INFO  - Click on add button
13:12:28.922 [main] INFO  - KPI form opened
13:12:29.537 [main] INFO  - Clicked on add button again
13:12:30.208 [main] INFO  - Filled up KPI form
13:12:30.292 [main] INFO  - Clicked in save button
13:12:30.292 [main] INFO  - Form filled up successfully!!
13:14:05.495 [main] INFO  - Blank Username and password
13:14:06.182 [main] INFO  - Blank password
13:14:06.686 [main] INFO  - Blank username
13:14:07.147 [main] INFO  - Invalid username and password
13:14:11.103 [main] INFO  - Valid username and password
13:14:11.104 [main] INFO  - Successfully Logged in!!
13:14:13.629 [main] INFO  - Click on (1) Pending Self Review of My Action Div
13:14:14.294 [main] INFO  - Click on Configure And Dropdown opened.
13:14:15.634 [main] INFO  - Select Kpi menu And clicked
13:14:15.634 [main] INFO  - Performance/Configure page is opened
13:14:17.335 [main] INFO  - Click on add button
13:14:17.335 [main] INFO  - KPI form opened
13:14:18.637 [main] INFO  - Filled up KPI form
13:14:19.437 [main] INFO  - Clicked on cancel button to check its functionality
13:14:19.439 [main] INFO  - Back to Performance/Configure page
13:14:20.815 [main] INFO  - Click on add button
13:14:20.816 [main] INFO  - KPI form opened
13:14:21.424 [main] INFO  - Clicked on add button again
13:14:22.134 [main] INFO  - Filled up KPI form
13:14:22.223 [main] INFO  - Clicked in save button
13:14:22.223 [main] INFO  - Form filled up successfully!!
13:16:02.657 [main] INFO  - Blank Username and password
13:16:03.132 [main] INFO  - Blank password
13:16:03.583 [main] INFO  - Blank username
13:16:03.999 [main] INFO  - Invalid username and password
13:16:06.125 [main] INFO  - Valid username and password
13:16:06.127 [main] INFO  - Successfully Logged in!!
13:16:10.771 [main] INFO  - Click on (1) Pending Self Review of My Action Div
13:16:11.405 [main] INFO  - Click on Configure And Dropdown opened.
13:16:12.645 [main] INFO  - Select Kpi menu And clicked
13:16:12.645 [main] INFO  - Performance/Configure page is opened
13:16:14.008 [main] INFO  - Click on add button
13:16:14.009 [main] INFO  - KPI form opened
13:16:15.287 [main] INFO  - Filled up KPI form
13:16:16.067 [main] INFO  - Clicked on cancel button to check its functionality
13:16:16.068 [main] INFO  - Back to Performance/Configure page
13:16:17.450 [main] INFO  - Click on add button
13:16:17.451 [main] INFO  - KPI form opened
13:16:18.098 [main] INFO  - Clicked on add button again
13:16:18.687 [main] INFO  - Filled up KPI form
13:16:18.754 [main] INFO  - Clicked in save button
13:16:18.755 [main] INFO  - Form filled up successfully!!
13:31:30.359 [main] INFO  - Blank Username and password
13:31:30.956 [main] INFO  - Blank password
13:31:31.404 [main] INFO  - Blank username
13:31:31.905 [main] INFO  - Invalid username and password
13:31:34.060 [main] INFO  - Valid username and password
13:31:34.061 [main] INFO  - Successfully Logged in!!
13:31:37.943 [main] INFO  - Click on (1) Pending Self Review of My Action Div
13:31:38.595 [main] INFO  - Click on Configure And Dropdown opened.
13:31:39.892 [main] INFO  - Select Kpi menu And clicked
13:31:39.893 [main] INFO  - Performance/Configure page is opened
13:31:41.292 [main] INFO  - Click on add button
13:31:41.293 [main] INFO  - KPI form opened
13:31:42.925 [main] INFO  - Filled up KPI form
13:31:43.700 [main] INFO  - Clicked on cancel button to check its functionality
13:31:43.701 [main] INFO  - Back to Performance/Configure page
13:31:45.054 [main] INFO  - Click on add button
13:31:45.054 [main] INFO  - KPI form opened
13:31:45.617 [main] INFO  - Clicked on add button again
13:31:46.282 [main] INFO  - Filled up KPI form
13:31:46.348 [main] INFO  - Clicked in save button
13:31:46.349 [main] INFO  - Form filled up successfully!!
13:32:21.727 [main] INFO  - Blank Username and password
13:32:22.427 [main] INFO  - Blank password
13:32:23.022 [main] INFO  - Blank username
13:32:23.586 [main] INFO  - Invalid username and password
13:32:26.038 [main] INFO  - Valid username and password
13:32:26.040 [main] INFO  - Successfully Logged in!!
13:32:30.621 [main] INFO  - Click on (1) Pending Self Review of My Action Div
13:32:31.254 [main] INFO  - Click on Configure And Dropdown opened.
13:32:32.540 [main] INFO  - Select Kpi menu And clicked
13:32:32.541 [main] INFO  - Performance/Configure page is opened
13:32:33.876 [main] INFO  - Click on add button
13:32:33.879 [main] INFO  - KPI form opened
13:32:35.135 [main] INFO  - Filled up KPI form
13:32:35.711 [main] INFO  - Clicked on cancel button to check its functionality
13:32:35.714 [main] INFO  - Back to Performance/Configure page
13:32:36.927 [main] INFO  - Click on add button
13:32:36.928 [main] INFO  - KPI form opened
13:32:37.531 [main] INFO  - Clicked on add button again
13:32:38.179 [main] INFO  - Filled up KPI form
13:32:38.249 [main] INFO  - Clicked in save button
13:32:38.250 [main] INFO  - Form filled up successfully!!
13:34:18.060 [main] INFO  - Blank Username and password
13:34:18.627 [main] INFO  - Blank password
13:34:19.145 [main] INFO  - Blank username
13:34:19.649 [main] INFO  - Invalid username and password
13:34:21.524 [main] INFO  - Valid username and password
13:34:21.533 [main] INFO  - Successfully Logged in!!
13:34:24.966 [main] INFO  - Click on (1) Pending Self Review of My Action Div
13:34:25.657 [main] INFO  - Click on Configure And Dropdown opened.
13:34:26.833 [main] INFO  - Select Kpi menu And clicked
13:34:26.833 [main] INFO  - Performance/Configure page is opened
13:34:28.190 [main] INFO  - Click on add button
13:34:28.191 [main] INFO  - KPI form opened
13:34:29.603 [main] INFO  - Filled up KPI form
13:34:30.321 [main] INFO  - Clicked on cancel button to check its functionality
13:34:30.322 [main] INFO  - Back to Performance/Configure page
13:34:31.457 [main] INFO  - Click on add button
13:34:31.458 [main] INFO  - KPI form opened
13:34:32.031 [main] INFO  - Clicked on add button again
13:34:32.766 [main] INFO  - Filled up KPI form
13:34:32.854 [main] INFO  - Clicked in save button
13:34:32.854 [main] INFO  - Form filled up successfully!!
13:37:42.973 [main] INFO  - Blank Username and password
13:37:43.724 [main] INFO  - Blank password
13:37:44.228 [main] INFO  - Blank username
13:37:44.683 [main] INFO  - Invalid username and password
13:37:47.905 [main] INFO  - Valid username and password
13:37:47.906 [main] INFO  - Successfully Logged in!!
13:37:50.122 [main] INFO  - Click on (1) Pending Self Review of My Action Div
13:37:50.782 [main] INFO  - Click on Configure And Dropdown opened.
13:37:52.006 [main] INFO  - Select Kpi menu And clicked
13:37:52.006 [main] INFO  - Performance/Configure page is opened
13:37:53.360 [main] INFO  - Click on add button
13:37:53.361 [main] INFO  - KPI form opened
13:37:54.684 [main] INFO  - Filled up KPI form
13:37:55.377 [main] INFO  - Clicked on cancel button to check its functionality
13:37:55.377 [main] INFO  - Back to Performance/Configure page
13:37:56.656 [main] INFO  - Click on add button
13:37:56.657 [main] INFO  - KPI form opened
13:37:57.248 [main] INFO  - Clicked on add button again
13:37:58.084 [main] INFO  - Filled up KPI form
13:37:58.163 [main] INFO  - Clicked in save button
13:37:58.163 [main] INFO  - Form filled up successfully!!
13:43:43.505 [main] INFO  - Blank Username and password
13:43:44.089 [main] INFO  - Blank password
13:43:44.605 [main] INFO  - Blank username
13:43:46.568 [main] INFO  - Invalid username and password
13:43:47.518 [main] INFO  - Valid username and password
13:43:47.520 [main] INFO  - Successfully Logged in!!
13:43:50.609 [main] INFO  - Click on (1) Pending Self Review of My Action Div
13:43:51.234 [main] INFO  - Click on Configure And Dropdown opened.
13:43:51.935 [main] INFO  - Select Kpi menu And clicked
13:43:51.936 [main] INFO  - Performance/Configure page is opened
13:43:53.235 [main] INFO  - Click on add button
13:43:53.236 [main] INFO  - KPI form opened
13:43:54.547 [main] INFO  - Filled up KPI form
13:43:55.159 [main] INFO  - Clicked on cancel button to check its functionality
13:43:55.159 [main] INFO  - Back to Performance/Configure page
13:43:56.286 [main] INFO  - Click on add button
13:43:56.286 [main] INFO  - KPI form opened
13:43:56.887 [main] INFO  - Clicked on add button again
13:43:57.536 [main] INFO  - Filled up KPI form
13:43:57.612 [main] INFO  - Clicked in save button
13:43:57.612 [main] INFO  - Form filled up successfully!!
13:44:34.138 [main] INFO  - Blank Username and password
13:44:34.661 [main] INFO  - Blank password
13:44:35.116 [main] INFO  - Blank username
13:44:35.578 [main] INFO  - Invalid username and password
13:44:39.738 [main] INFO  - Valid username and password
13:44:39.738 [main] INFO  - Successfully Logged in!!
13:44:42.086 [main] INFO  - Click on (1) Pending Self Review of My Action Div
13:44:42.779 [main] INFO  - Click on Configure And Dropdown opened.
13:44:43.997 [main] INFO  - Select Kpi menu And clicked
13:44:43.997 [main] INFO  - Performance/Configure page is opened
13:44:45.322 [main] INFO  - Click on add button
13:44:45.324 [main] INFO  - KPI form opened
13:44:46.592 [main] INFO  - Filled up KPI form
13:44:47.301 [main] INFO  - Clicked on cancel button to check its functionality
13:44:47.301 [main] INFO  - Back to Performance/Configure page
13:44:48.464 [main] INFO  - Click on add button
13:44:48.468 [main] INFO  - KPI form opened
13:44:49.046 [main] INFO  - Clicked on add button again
13:44:49.696 [main] INFO  - Filled up KPI form
13:44:49.769 [main] INFO  - Clicked in save button
13:44:49.770 [main] INFO  - Form filled up successfully!!
13:44:54.580 [main] INFO  - Select job title to search
13:44:54.772 [main] INFO  - Clicked on search button
13:51:33.409 [main] INFO  - Blank Username and password
13:51:34.036 [main] INFO  - Blank password
13:51:34.926 [main] INFO  - Blank username
13:51:35.745 [main] INFO  - Invalid username and password
13:51:39.557 [main] INFO  - Valid username and password
13:51:39.558 [main] INFO  - Successfully Logged in!!
13:51:41.822 [main] INFO  - Click on (1) Pending Self Review of My Action Div
13:51:42.471 [main] INFO  - Click on Configure And Dropdown opened.
13:51:43.505 [main] INFO  - Select Kpi menu And clicked
13:51:43.505 [main] INFO  - Performance/Configure page is opened
13:51:44.801 [main] INFO  - Click on add button
13:51:44.801 [main] INFO  - KPI form opened
13:51:46.241 [main] INFO  - Filled up KPI form
13:51:46.920 [main] INFO  - Clicked on cancel button to check its functionality
13:51:46.920 [main] INFO  - Back to Performance/Configure page
13:51:48.089 [main] INFO  - Click on add button
13:51:48.091 [main] INFO  - KPI form opened
13:51:48.091 [main] INFO  - Clicked on add button again
13:51:49.396 [main] INFO  - Filled up KPI form
13:51:49.492 [main] INFO  - Clicked in save button
13:51:49.492 [main] INFO  - Form filled up successfully!!
13:51:54.338 [main] INFO  - Select job title to search
13:51:54.524 [main] INFO  - Clicked on search button
13:53:00.306 [main] INFO  - Blank Username and password
13:53:00.915 [main] INFO  - Blank password
13:53:01.460 [main] INFO  - Blank username
13:53:01.952 [main] INFO  - Invalid username and password
13:53:05.477 [main] INFO  - Valid username and password
13:53:05.478 [main] INFO  - Successfully Logged in!!
13:53:07.452 [main] INFO  - Click on (1) Pending Self Review of My Action Div
13:53:08.127 [main] INFO  - Click on Configure And Dropdown opened.
13:53:09.432 [main] INFO  - Select Kpi menu And clicked
13:53:09.432 [main] INFO  - Performance/Configure page is opened
13:53:10.740 [main] INFO  - Click on add button
13:53:10.742 [main] INFO  - KPI form opened
13:53:11.982 [main] INFO  - Filled up KPI form
13:53:12.721 [main] INFO  - Clicked on cancel button to check its functionality
13:53:12.722 [main] INFO  - Back to Performance/Configure page
13:53:13.966 [main] INFO  - Click on add button
13:53:13.966 [main] INFO  - KPI form opened
13:53:13.966 [main] INFO  - Clicked on add button again
13:53:15.548 [main] INFO  - Filled up KPI form
13:53:15.702 [main] INFO  - Clicked in save button
13:53:15.702 [main] INFO  - Form filled up successfully!!
13:53:20.525 [main] INFO  - Select job title to search
13:53:20.818 [main] INFO  - Clicked on search button
13:56:51.729 [main] INFO  - Blank Username and password
13:56:52.333 [main] INFO  - Blank password
13:56:52.798 [main] INFO  - Blank username
13:56:54.124 [main] INFO  - Invalid username and password
13:56:55.111 [main] INFO  - Valid username and password
13:56:55.111 [main] INFO  - Successfully Logged in!!
13:56:58.453 [main] INFO  - Click on (1) Pending Self Review of My Action Div
13:56:59.105 [main] INFO  - Click on Configure And Dropdown opened.
13:57:00.328 [main] INFO  - Select Kpi menu And clicked
13:57:00.329 [main] INFO  - Performance/Configure page is opened
13:57:01.740 [main] INFO  - Click on add button
13:57:01.740 [main] INFO  - KPI form opened
13:57:02.968 [main] INFO  - Filled up KPI form
13:57:03.621 [main] INFO  - Clicked on cancel button to check its functionality
13:57:03.622 [main] INFO  - Back to Performance/Configure page
13:57:04.880 [main] INFO  - Click on add button
13:57:04.881 [main] INFO  - KPI form opened
13:57:04.883 [main] INFO  - Clicked on add button again
13:57:06.097 [main] INFO  - Filled up KPI form
13:57:06.164 [main] INFO  - Clicked in save button
13:57:06.164 [main] INFO  - Form filled up successfully!!
13:57:10.877 [main] INFO  - Select job title to search
13:57:11.059 [main] INFO  - Clicked on search button
14:00:01.732 [main] INFO  - Blank Username and password
14:00:02.506 [main] INFO  - Blank password
14:00:03.092 [main] INFO  - Blank username
14:00:03.562 [main] INFO  - Invalid username and password
14:00:06.866 [main] INFO  - Valid username and password
14:00:06.867 [main] INFO  - Successfully Logged in!!
14:00:08.935 [main] INFO  - Click on (1) Pending Self Review of My Action Div
14:00:09.574 [main] INFO  - Click on Configure And Dropdown opened.
14:00:10.464 [main] INFO  - Select Kpi menu And clicked
14:00:10.464 [main] INFO  - Performance/Configure page is opened
14:00:12.869 [main] INFO  - Click on add button
14:00:12.870 [main] INFO  - KPI form opened
14:00:14.252 [main] INFO  - Filled up KPI form
14:00:14.943 [main] INFO  - Clicked on cancel button to check its functionality
14:00:14.945 [main] INFO  - Back to Performance/Configure page
14:00:16.319 [main] INFO  - Click on add button
14:00:16.319 [main] INFO  - KPI form opened
14:00:16.320 [main] INFO  - Clicked on add button again
14:00:17.539 [main] INFO  - Filled up KPI form
14:00:17.618 [main] INFO  - Clicked in save button
14:00:17.619 [main] INFO  - Form filled up successfully!!
14:00:22.215 [main] INFO  - Select job title to search
14:00:22.450 [main] INFO  - Clicked on search button
15:02:24.344 [main] INFO  - Blank Username and password
15:02:25.138 [main] INFO  - Blank password
15:02:25.901 [main] INFO  - Blank username
15:02:26.662 [main] INFO  - Invalid username and password
15:02:32.442 [main] INFO  - Valid username and password
15:02:32.443 [main] INFO  - Successfully Logged in!!
15:02:40.298 [main] INFO  - Click on (1) Pending Self Review of My Action Div
15:02:41.020 [main] INFO  - Click on Configure And Dropdown opened.
15:02:42.077 [main] INFO  - Select Kpi menu And clicked
15:02:42.078 [main] INFO  - Performance/Configure page is opened
15:02:44.989 [main] INFO  - Click on add button
15:02:44.990 [main] INFO  - KPI form opened
15:02:46.878 [main] INFO  - Filled up KPI form
15:02:52.546 [main] INFO  - Clicked on cancel button to check its functionality
15:02:52.547 [main] INFO  - Back to Performance/Configure page
15:02:54.537 [main] INFO  - Click on add button
15:02:54.541 [main] INFO  - KPI form opened
15:02:54.542 [main] INFO  - Clicked on add button again
15:02:55.837 [main] INFO  - Filled up KPI form
15:02:55.917 [main] INFO  - Clicked in save button
15:02:55.917 [main] INFO  - Form filled up successfully!!
15:03:03.040 [main] INFO  - Select job title to search
15:03:03.245 [main] INFO  - Clicked on search button
23:43:27.575 [main] INFO  - Blank Username and password
23:43:27.954 [main] INFO  - Blank Username and password
23:43:28.964 [main] INFO  - Blank password
23:43:29.822 [main] INFO  - Blank username
23:43:30.308 [main] INFO  - Blank password
23:43:30.621 [main] INFO  - Invalid username and password
23:43:31.170 [main] INFO  - Blank username
23:43:32.004 [main] INFO  - Invalid username and password
23:43:34.953 [main] INFO  - Valid username and password
23:43:34.954 [main] INFO  - Successfully Logged in!!
23:43:37.032 [main] INFO  - Valid username and password
23:43:37.033 [main] INFO  - Successfully Logged in!!
23:43:37.575 [main] INFO  - Click on (1) Pending Self Review of My Action Div
23:43:37.575 [main] INFO  - Landed to Performance/Manage review page
23:43:39.084 [main] INFO  - Click on Configure And Dropdown opened.
23:43:39.916 [main] INFO  - Select Kpi menu And clicked
23:43:39.916 [main] INFO  - Performance/Configure page is opened
23:43:40.412 [main] INFO  - Click on (1) Pending Self Review of My Action Div
23:43:40.413 [main] INFO  - Landed to Performance/Manage review page
23:43:41.624 [main] INFO  - Click on add button
23:43:41.625 [main] INFO  - KPI form opened
23:43:41.730 [main] INFO  - Click on Configure And Dropdown opened.
23:43:42.523 [main] INFO  - Select Kpi menu And clicked
23:43:42.524 [main] INFO  - Performance/Configure page is opened
23:43:43.957 [main] INFO  - Filled up KPI form
23:43:44.545 [main] INFO  - Click on add button
23:43:44.546 [main] INFO  - KPI form opened
23:43:44.905 [main] INFO  - Clicked on cancel button to check its functionality
23:43:44.906 [main] INFO  - Back to Performance/Configure page
23:43:46.772 [main] INFO  - Click on add button
23:43:46.773 [main] INFO  - KPI form opened
23:43:46.773 [main] INFO  - Clicked on add button again
23:43:47.076 [main] INFO  - Filled up KPI form
23:43:48.270 [main] INFO  - Clicked on cancel button to check its functionality
23:43:48.271 [main] INFO  - Back to Performance/Configure page
23:43:48.589 [main] INFO  - Filled up KPI form
23:43:48.804 [main] INFO  - Clicked in save button
23:43:48.804 [main] INFO  - Form filled up successfully!!
23:43:50.084 [main] INFO  - Click on add button
23:43:50.084 [main] INFO  - KPI form opened
23:43:50.085 [main] INFO  - Clicked on add button again
23:43:51.843 [main] INFO  - Filled up KPI form
23:43:51.956 [main] INFO  - Clicked in save button
23:43:51.956 [main] INFO  - Form filled up successfully!!
23:43:58.546 [main] INFO  - Select job title to search
23:43:58.890 [main] INFO  - Clicked on search button
23:44:52.641 [main] INFO  - Blank Username and password
23:44:54.028 [main] INFO  - Blank password
23:44:55.353 [main] INFO  - Blank username
23:45:01.270 [main] INFO  - Invalid username and password
23:45:02.766 [main] INFO  - Valid username and password
23:45:02.766 [main] INFO  - Successfully Logged in!!
23:45:08.853 [main] INFO  - Click on (1) Pending Self Review of My Action Div
23:45:08.860 [main] INFO  - Landed to Performance/Manage review page
23:45:10.117 [main] INFO  - Click on Configure And Dropdown opened.
23:45:11.733 [main] INFO  - Select Kpi menu And clicked
23:45:11.736 [main] INFO  - Performance/Configure page is opened
23:45:14.574 [main] INFO  - Click on add button
23:45:14.575 [main] INFO  - KPI form opened
23:45:16.686 [main] INFO  - Filled up KPI form
23:45:17.742 [main] INFO  - Clicked on cancel button to check its functionality
23:45:17.742 [main] INFO  - Back to Performance/Configure page
23:45:19.481 [main] INFO  - Click on add button
23:45:19.482 [main] INFO  - KPI form opened
23:45:19.482 [main] INFO  - Clicked on add button again
23:45:21.272 [main] INFO  - Filled up KPI form
23:45:21.386 [main] INFO  - Clicked in save button
23:45:21.387 [main] INFO  - Form filled up successfully!!
23:47:03.351 [main] INFO  - Blank Username and password
23:47:04.215 [main] INFO  - Blank password
23:47:04.854 [main] INFO  - Blank username
23:47:05.487 [main] INFO  - Invalid username and password
23:47:09.243 [main] INFO  - Valid username and password
23:47:09.244 [main] INFO  - Successfully Logged in!!
23:47:11.463 [main] INFO  - Click on (1) Pending Self Review of My Action Div
23:47:11.465 [main] INFO  - Landed to Performance/Manage review page
23:47:12.695 [main] INFO  - Click on Configure And Dropdown opened.
23:47:14.125 [main] INFO  - Select Kpi menu And clicked
23:47:14.125 [main] INFO  - Performance/Configure page is opened
23:47:15.773 [main] INFO  - Click on add button
23:47:15.774 [main] INFO  - KPI form opened
23:47:17.121 [main] INFO  - Filled up KPI form
23:47:18.036 [main] INFO  - Clicked on cancel button to check its functionality
23:47:18.038 [main] INFO  - Back to Performance/Configure page
23:47:19.524 [main] INFO  - Click on add button
23:47:19.526 [main] INFO  - KPI form opened
23:47:19.529 [main] INFO  - Clicked on add button again
23:47:20.926 [main] INFO  - Filled up KPI form
23:47:21.016 [main] INFO  - Clicked in save button
23:47:21.018 [main] INFO  - Form filled up successfully!!
23:49:48.756 [main] INFO  - Blank Username and password
23:49:49.574 [main] INFO  - Blank password
23:49:50.307 [main] INFO  - Blank username
23:49:51.066 [main] INFO  - Invalid username and password
23:49:54.967 [main] INFO  - Valid username and password
23:49:54.969 [main] INFO  - Successfully Logged in!!
23:49:57.711 [main] INFO  - Click on (1) Pending Self Review of My Action Div
23:49:57.712 [main] INFO  - Landed to Performance/Manage review page
23:49:58.430 [main] INFO  - Click on Configure And Dropdown opened.
23:49:59.899 [main] INFO  - Select Kpi menu And clicked
23:49:59.900 [main] INFO  - Performance/Configure page is opened
23:50:01.485 [main] INFO  - Click on add button
23:50:01.489 [main] INFO  - KPI form opened
23:50:02.887 [main] INFO  - Filled up KPI form
23:50:04.091 [main] INFO  - Clicked on cancel button to check its functionality
23:50:04.091 [main] INFO  - Back to Performance/Configure page
23:50:05.784 [main] INFO  - Click on add button
23:50:05.785 [main] INFO  - KPI form opened
23:50:05.785 [main] INFO  - Clicked on add button again
23:50:07.124 [main] INFO  - Filled up KPI form
23:50:07.222 [main] INFO  - Clicked in save button
23:50:07.223 [main] INFO  - Form filled up successfully!!
23:55:27.695 [main] INFO  - Blank Username and password
23:55:35.296 [main] INFO  - Blank password
23:55:36.603 [main] INFO  - Blank username
23:55:39.110 [main] INFO  - Invalid username and password
23:55:42.826 [main] INFO  - Valid username and password
23:55:42.826 [main] INFO  - Successfully Logged in!!
23:55:44.555 [main] INFO  - Blank Username and password
23:55:45.949 [main] INFO  - Blank password
23:55:46.856 [main] INFO  - Click on (1) Pending Self Review of My Action Div
23:55:46.856 [main] INFO  - Landed to Performance/Manage review page
23:55:46.900 [main] INFO  - Blank username
23:55:48.067 [main] INFO  - Click on Configure And Dropdown opened.
23:55:49.090 [main] INFO  - Select Kpi menu And clicked
23:55:49.091 [main] INFO  - Performance/Configure page is opened
23:55:49.256 [main] INFO  - Invalid username and password
23:55:50.793 [main] INFO  - Click on add button
23:55:50.794 [main] INFO  - KPI form opened
23:55:52.478 [main] INFO  - Valid username and password
23:55:52.478 [main] INFO  - Successfully Logged in!!
23:55:52.909 [main] INFO  - Filled up KPI form
23:55:53.972 [main] INFO  - Clicked on cancel button to check its functionality
23:55:53.973 [main] INFO  - Back to Performance/Configure page
23:55:55.224 [main] INFO  - Click on (1) Pending Self Review of My Action Div
23:55:55.225 [main] INFO  - Landed to Performance/Manage review page
23:55:55.982 [main] INFO  - Click on add button
23:55:55.983 [main] INFO  - KPI form opened
23:55:55.983 [main] INFO  - Clicked on add button again
23:55:56.140 [main] INFO  - Click on Configure And Dropdown opened.
23:55:57.126 [main] INFO  - Select Kpi menu And clicked
23:55:57.126 [main] INFO  - Performance/Configure page is opened
23:55:58.036 [main] INFO  - Filled up KPI form
23:55:58.181 [main] INFO  - Clicked in save button
23:55:58.182 [main] INFO  - Form filled up successfully!!
23:55:58.903 [main] INFO  - Click on add button
23:55:58.904 [main] INFO  - KPI form opened
23:56:00.841 [main] INFO  - Filled up KPI form
23:56:01.913 [main] INFO  - Clicked on cancel button to check its functionality
23:56:01.913 [main] INFO  - Back to Performance/Configure page
23:56:04.006 [main] INFO  - Select job title to search
23:56:04.062 [main] INFO  - Click on add button
23:56:04.062 [main] INFO  - KPI form opened
23:56:04.063 [main] INFO  - Clicked on add button again
23:56:04.507 [main] INFO  - Clicked on search button
23:56:06.092 [main] INFO  - Filled up KPI form
23:56:06.212 [main] INFO  - Clicked in save button
23:56:06.212 [main] INFO  - Form filled up successfully!!
23:56:13.046 [main] INFO  - Select job title to search
23:56:13.503 [main] INFO  - Clicked on search button
23:57:29.031 [main] INFO  - Blank Username and password
23:57:29.953 [main] INFO  - Blank password
23:57:30.597 [main] INFO  - Blank username
23:57:31.214 [main] INFO  - Invalid username and password
23:57:34.949 [main] INFO  - Valid username and password
23:57:34.953 [main] INFO  - Successfully Logged in!!
23:57:37.817 [main] INFO  - Click on (1) Pending Self Review of My Action Div
23:57:37.817 [main] INFO  - Landed to Performance/Manage review page
23:57:38.601 [main] INFO  - Click on Configure And Dropdown opened.
23:57:39.490 [main] INFO  - Select Kpi menu And clicked
23:57:39.490 [main] INFO  - Performance/Configure page is opened
23:57:41.036 [main] INFO  - Click on add button
23:57:41.036 [main] INFO  - KPI form opened
23:57:42.539 [main] INFO  - Filled up KPI form
23:57:43.584 [main] INFO  - Clicked on cancel button to check its functionality
23:57:43.585 [main] INFO  - Back to Performance/Configure page
23:57:45.177 [main] INFO  - Click on add button
23:57:45.178 [main] INFO  - KPI form opened
23:57:45.180 [main] INFO  - Clicked on add button again
23:57:46.632 [main] INFO  - Filled up KPI form
23:57:46.731 [main] INFO  - Clicked in save button
23:57:46.732 [main] INFO  - Form filled up successfully!!
00:00:28.954 [main] INFO  - Blank Username and password
00:00:29.636 [main] INFO  - Blank password
00:00:30.144 [main] INFO  - Blank username
00:00:30.755 [main] INFO  - Invalid username and password
00:00:34.778 [main] INFO  - Valid username and password
00:00:34.780 [main] INFO  - Successfully Logged in!!
00:00:37.748 [main] INFO  - Click on (1) Pending Self Review of My Action Div
00:00:37.748 [main] INFO  - Landed to Performance/Manage review page
00:00:38.554 [main] INFO  - Click on Configure And Dropdown opened.
00:00:39.446 [main] INFO  - Select Kpi menu And clicked
00:00:39.448 [main] INFO  - Performance/Configure page is opened
00:00:41.046 [main] INFO  - Click on add button
00:00:41.049 [main] INFO  - KPI form opened
00:00:42.485 [main] INFO  - Filled up KPI form
00:00:43.469 [main] INFO  - Clicked on cancel button to check its functionality
00:00:43.470 [main] INFO  - Back to Performance/Configure page
00:00:45.029 [main] INFO  - Click on add button
00:00:45.031 [main] INFO  - KPI form opened
00:00:45.032 [main] INFO  - Clicked on add button again
00:00:46.591 [main] INFO  - Filled up KPI form
00:00:46.704 [main] INFO  - Clicked in save button
00:00:46.704 [main] INFO  - Form filled up successfully!!
00:02:38.914 [main] INFO  - Blank Username and password
00:02:39.573 [main] INFO  - Blank password
00:02:40.112 [main] INFO  - Blank username
00:02:40.761 [main] INFO  - Invalid username and password
00:02:44.398 [main] INFO  - Valid username and password
00:02:44.401 [main] INFO  - Successfully Logged in!!
00:02:47.721 [main] INFO  - Click on (1) Pending Self Review of My Action Div
00:02:47.721 [main] INFO  - Landed to Performance/Manage review page
00:02:48.371 [main] INFO  - Click on Configure And Dropdown opened.
00:02:49.756 [main] INFO  - Select Kpi menu And clicked
00:02:49.757 [main] INFO  - Performance/Configure page is opened
00:02:51.198 [main] INFO  - Click on add button
00:02:51.198 [main] INFO  - KPI form opened
00:02:52.646 [main] INFO  - Filled up KPI form
00:02:53.346 [main] INFO  - Clicked on cancel button to check its functionality
00:02:53.347 [main] INFO  - Back to Performance/Configure page
00:02:54.836 [main] INFO  - Click on add button
00:02:54.838 [main] INFO  - KPI form opened
00:02:54.838 [main] INFO  - Clicked on add button again
00:02:56.203 [main] INFO  - Filled up KPI form
00:02:56.293 [main] INFO  - Clicked in save button
00:02:56.293 [main] INFO  - Form filled up successfully!!
00:03:01.663 [main] INFO  - Select job title to search
00:03:01.865 [main] INFO  - Clicked on search button
00:38:45.953 [main] INFO  - Blank Username and password
00:38:46.494 [main] INFO  - Blank password
00:38:47.031 [main] INFO  - Blank username
00:38:47.548 [main] INFO  - Invalid username and password
00:38:49.623 [main] INFO  - Valid username and password
00:38:49.625 [main] INFO  - Successfully Logged in!!
00:38:53.385 [main] INFO  - Click on (1) Pending Self Review of My Action Div
00:38:53.386 [main] INFO  - Landed to Performance/Manage review page
00:38:54.057 [main] INFO  - Click on Configure And Dropdown opened.
00:38:54.854 [main] INFO  - Select Kpi menu And clicked
00:38:54.855 [main] INFO  - Performance/Configure page is opened
00:38:56.361 [main] INFO  - Click on add button
00:38:56.362 [main] INFO  - KPI form opened
00:38:57.609 [main] INFO  - Filled up KPI form
00:38:58.294 [main] INFO  - Clicked on cancel button to check its functionality
00:38:58.295 [main] INFO  - Back to Performance/Configure page
00:38:59.610 [main] INFO  - Click on add button
00:38:59.611 [main] INFO  - KPI form opened
00:38:59.611 [main] INFO  - Clicked on add button again
00:39:00.944 [main] INFO  - Filled up KPI form
00:39:01.027 [main] INFO  - Clicked in save button
00:39:01.028 [main] INFO  - Form filled up successfully!!
00:43:21.671 [main] INFO  - Blank Username and password
00:43:22.166 [main] INFO  - Blank password
00:43:22.598 [main] INFO  - Blank username
00:43:23.020 [main] INFO  - Invalid username and password
00:43:25.012 [main] INFO  - Valid username and password
00:43:25.013 [main] INFO  - Successfully Logged in!!
00:43:28.410 [main] INFO  - Click on (1) Pending Self Review of My Action Div
00:43:28.412 [main] INFO  - Landed to Performance/Manage review page
00:43:29.024 [main] INFO  - Click on Configure And Dropdown opened.
00:43:29.793 [main] INFO  - Select Kpi menu And clicked
00:43:29.794 [main] INFO  - Performance/Configure page is opened
00:43:31.058 [main] INFO  - Click on add button
00:43:31.059 [main] INFO  - KPI form opened
00:43:32.288 [main] INFO  - Filled up KPI form
00:43:33.069 [main] INFO  - Clicked on cancel button to check its functionality
00:43:33.070 [main] INFO  - Back to Performance/Configure page
00:43:34.492 [main] INFO  - Click on add button
00:43:34.493 [main] INFO  - KPI form opened
00:43:34.493 [main] INFO  - Clicked on add button again
00:43:35.687 [main] INFO  - Filled up KPI form
00:43:35.756 [main] INFO  - Clicked in save button
00:43:35.756 [main] INFO  - Form filled up successfully!!
00:43:40.471 [main] INFO  - Select job title to search
00:43:40.660 [main] INFO  - Clicked on search button
05:47:58.858 [main] INFO  - Blank Username and password
05:47:59.360 [main] INFO  - Blank password
05:47:59.846 [main] INFO  - Blank username
05:48:00.286 [main] INFO  - Invalid username and password
05:48:02.246 [main] INFO  - Valid username and password
05:48:02.251 [main] INFO  - Successfully Logged in!!
05:48:05.725 [main] INFO  - Click on (1) Pending Self Review of My Action Div
05:48:05.725 [main] INFO  - Landed to Performance/Manage review page
05:48:06.369 [main] INFO  - Click on Configure And Dropdown opened.
05:48:07.161 [main] INFO  - Select Kpi menu And clicked
05:48:07.162 [main] INFO  - Performance/Configure page is opened
05:48:08.586 [main] INFO  - Click on add button
05:48:08.588 [main] INFO  - KPI form opened
05:48:09.801 [main] INFO  - Filled up KPI form
05:48:10.584 [main] INFO  - Clicked on cancel button to check its functionality
05:48:10.585 [main] INFO  - Back to Performance/Configure page
05:48:11.799 [main] INFO  - Click on add button
05:48:11.801 [main] INFO  - KPI form opened
05:48:11.801 [main] INFO  - Clicked on add button again
05:48:12.946 [main] INFO  - Filled up KPI form
05:48:13.016 [main] INFO  - Clicked in save button
05:48:13.016 [main] INFO  - Form filled up successfully!!
05:48:52.519 [main] INFO  - Blank Username and password
05:48:53.091 [main] INFO  - Blank password
05:48:53.599 [main] INFO  - Blank username
05:48:54.026 [main] INFO  - Invalid username and password
05:48:57.542 [main] INFO  - Valid username and password
05:48:57.544 [main] INFO  - Successfully Logged in!!
05:48:59.421 [main] INFO  - Click on (1) Pending Self Review of My Action Div
05:48:59.424 [main] INFO  - Landed to Performance/Manage review page
05:49:00.166 [main] INFO  - Click on Configure And Dropdown opened.
05:49:01.501 [main] INFO  - Select Kpi menu And clicked
05:49:01.501 [main] INFO  - Performance/Configure page is opened
05:49:03.194 [main] INFO  - Click on add button
05:49:03.195 [main] INFO  - KPI form opened
05:49:04.378 [main] INFO  - Filled up KPI form
05:49:05.245 [main] INFO  - Clicked on cancel button to check its functionality
05:49:05.245 [main] INFO  - Back to Performance/Configure page
05:49:06.670 [main] INFO  - Click on add button
05:49:06.672 [main] INFO  - KPI form opened
05:49:06.673 [main] INFO  - Clicked on add button again
05:49:08.026 [main] INFO  - Filled up KPI form
05:49:08.119 [main] INFO  - Clicked in save button
05:49:08.120 [main] INFO  - Form filled up successfully!!
05:49:42.290 [main] INFO  - Blank Username and password
05:49:42.985 [main] INFO  - Blank password
05:49:43.521 [main] INFO  - Blank username
05:49:44.085 [main] INFO  - Invalid username and password
05:49:46.116 [main] INFO  - Valid username and password
05:49:46.116 [main] INFO  - Successfully Logged in!!
05:49:49.931 [main] INFO  - Click on (1) Pending Self Review of My Action Div
05:49:49.932 [main] INFO  - Landed to Performance/Manage review page
05:49:50.588 [main] INFO  - Click on Configure And Dropdown opened.
05:49:51.863 [main] INFO  - Select Kpi menu And clicked
05:49:51.863 [main] INFO  - Performance/Configure page is opened
05:49:53.201 [main] INFO  - Click on add button
05:49:53.202 [main] INFO  - KPI form opened
05:49:54.406 [main] INFO  - Filled up KPI form
05:49:55.253 [main] INFO  - Clicked on cancel button to check its functionality
05:49:55.253 [main] INFO  - Back to Performance/Configure page
05:49:56.674 [main] INFO  - Click on add button
05:49:56.675 [main] INFO  - KPI form opened
05:49:56.677 [main] INFO  - Clicked on add button again
05:49:58.032 [main] INFO  - Filled up KPI form
05:49:58.118 [main] INFO  - Clicked in save button
05:49:58.118 [main] INFO  - Form filled up successfully!!
05:51:31.381 [main] INFO  - Blank Username and password
05:51:31.917 [main] INFO  - Blank password
05:51:32.631 [main] INFO  - Blank username
05:51:33.904 [main] INFO  - Invalid username and password
05:51:37.619 [main] INFO  - Valid username and password
05:51:37.620 [main] INFO  - Successfully Logged in!!
05:51:39.587 [main] INFO  - Click on (1) Pending Self Review of My Action Div
05:51:39.587 [main] INFO  - Landed to Performance/Manage review page
05:51:40.226 [main] INFO  - Click on Configure And Dropdown opened.
05:51:41.539 [main] INFO  - Select Kpi menu And clicked
05:51:41.539 [main] INFO  - Performance/Configure page is opened
05:51:43.188 [main] INFO  - Click on add button
05:51:43.188 [main] INFO  - KPI form opened
05:51:44.456 [main] INFO  - Filled up KPI form
05:51:45.240 [main] INFO  - Clicked on cancel button to check its functionality
05:51:45.241 [main] INFO  - Back to Performance/Configure page
05:51:46.621 [main] INFO  - Click on add button
05:51:46.622 [main] INFO  - KPI form opened
05:51:46.622 [main] INFO  - Clicked on add button again
05:51:49.465 [main] INFO  - Filled up KPI form
05:51:49.700 [main] INFO  - Clicked in save button
05:51:49.701 [main] INFO  - Form filled up successfully!!
05:51:54.619 [main] INFO  - Select job title to search
05:51:54.812 [main] INFO  - Clicked on search button
05:55:50.962 [main] INFO  - Blank Username and password
05:55:51.621 [main] INFO  - Blank password
05:55:52.190 [main] INFO  - Blank username
05:55:52.844 [main] INFO  - Invalid username and password
05:55:58.250 [main] INFO  - Valid username and password
05:55:58.253 [main] INFO  - Successfully Logged in!!
05:56:00.934 [main] INFO  - Click on (1) Pending Self Review of My Action Div
05:56:00.935 [main] INFO  - Landed to Performance/Manage review page
05:56:01.586 [main] INFO  - Click on Configure And Dropdown opened.
05:56:02.968 [main] INFO  - Select Kpi menu And clicked
05:56:02.969 [main] INFO  - Performance/Configure page is opened
05:56:04.132 [main] INFO  - Blank Username and password
05:56:04.751 [main] INFO  - Blank password
05:56:04.905 [main] INFO  - Click on add button
05:56:04.905 [main] INFO  - KPI form opened
05:56:05.450 [main] INFO  - Blank username
05:56:06.446 [main] INFO  - Filled up KPI form
05:56:07.080 [main] INFO  - Clicked on cancel button to check its functionality
05:56:07.080 [main] INFO  - Invalid username and password
05:56:07.080 [main] INFO  - Back to Performance/Configure page
05:56:08.433 [main] INFO  - Click on add button
05:56:08.434 [main] INFO  - KPI form opened
05:56:08.435 [main] INFO  - Clicked on add button again
05:56:09.647 [main] INFO  - Valid username and password
05:56:09.649 [main] INFO  - Successfully Logged in!!
05:56:09.767 [main] INFO  - Filled up KPI form
05:56:09.848 [main] INFO  - Clicked in save button
05:56:09.849 [main] INFO  - Form filled up successfully!!
05:56:14.072 [main] INFO  - Click on (1) Pending Self Review of My Action Div
05:56:14.073 [main] INFO  - Landed to Performance/Manage review page
05:56:14.921 [main] INFO  - Click on Configure And Dropdown opened.
05:56:15.768 [main] INFO  - Select Kpi menu And clicked
05:56:15.768 [main] INFO  - Performance/Configure page is opened
05:56:17.143 [main] INFO  - Click on add button
05:56:17.146 [main] INFO  - KPI form opened
05:56:18.328 [main] INFO  - Filled up KPI form
05:56:19.117 [main] INFO  - Clicked on cancel button to check its functionality
05:56:19.118 [main] INFO  - Back to Performance/Configure page
05:56:20.263 [main] INFO  - Click on add button
05:56:20.264 [main] INFO  - KPI form opened
05:56:20.264 [main] INFO  - Clicked on add button again
05:56:21.440 [main] INFO  - Filled up KPI form
05:56:21.506 [main] INFO  - Clicked in save button
05:56:21.508 [main] INFO  - Form filled up successfully!!
05:59:24.844 [main] INFO  - Blank Username and password
05:59:25.430 [main] INFO  - Blank password
05:59:25.966 [main] INFO  - Blank username
05:59:26.461 [main] INFO  - Invalid username and password
05:59:28.488 [main] INFO  - Valid username and password
05:59:28.490 [main] INFO  - Successfully Logged in!!
05:59:31.941 [main] INFO  - Click on (1) Pending Self Review of My Action Div
05:59:31.942 [main] INFO  - Landed to Performance/Manage review page
05:59:32.537 [main] INFO  - Click on Configure And Dropdown opened.
05:59:33.820 [main] INFO  - Select Kpi menu And clicked
05:59:33.820 [main] INFO  - Performance/Configure page is opened
05:59:35.239 [main] INFO  - Click on add button
05:59:35.240 [main] INFO  - KPI form opened
05:59:36.470 [main] INFO  - Filled up KPI form
05:59:37.254 [main] INFO  - Clicked on cancel button to check its functionality
05:59:37.255 [main] INFO  - Back to Performance/Configure page
05:59:38.472 [main] INFO  - Click on add button
05:59:38.472 [main] INFO  - KPI form opened
05:59:38.472 [main] INFO  - Clicked on add button again
05:59:39.812 [main] INFO  - Filled up KPI form
05:59:39.947 [main] INFO  - Clicked in save button
05:59:39.951 [main] INFO  - Form filled up successfully!!
06:01:02.002 [main] INFO  - Blank Username and password
06:01:02.531 [main] INFO  - Blank password
06:01:02.986 [main] INFO  - Blank username
06:01:03.421 [main] INFO  - Invalid username and password
06:01:05.337 [main] INFO  - Valid username and password
06:01:05.342 [main] INFO  - Successfully Logged in!!
06:01:08.984 [main] INFO  - Click on (1) Pending Self Review of My Action Div
06:01:08.985 [main] INFO  - Landed to Performance/Manage review page
06:01:09.608 [main] INFO  - Click on Configure And Dropdown opened.
06:01:10.808 [main] INFO  - Select Kpi menu And clicked
06:01:10.808 [main] INFO  - Performance/Configure page is opened
06:01:12.032 [main] INFO  - Click on add button
06:01:12.032 [main] INFO  - KPI form opened
06:01:13.328 [main] INFO  - Filled up KPI form
06:01:14.060 [main] INFO  - Clicked on cancel button to check its functionality
06:01:14.060 [main] INFO  - Back to Performance/Configure page
06:01:15.275 [main] INFO  - Click on add button
06:01:15.276 [main] INFO  - KPI form opened
06:01:15.276 [main] INFO  - Clicked on add button again
06:01:16.627 [main] INFO  - Filled up KPI form
06:01:16.727 [main] INFO  - Clicked in save button
06:01:16.727 [main] INFO  - Form filled up successfully!!
06:01:21.452 [main] INFO  - Select job title to search
06:01:21.665 [main] INFO  - Clicked on search button
06:01:46.658 [main] INFO  - Blank Username and password
06:01:47.528 [main] INFO  - Blank password
06:01:48.009 [main] INFO  - Blank username
06:01:48.549 [main] INFO  - Invalid username and password
06:01:50.683 [main] INFO  - Valid username and password
06:01:50.685 [main] INFO  - Successfully Logged in!!
06:01:54.478 [main] INFO  - Click on (1) Pending Self Review of My Action Div
06:01:54.479 [main] INFO  - Landed to Performance/Manage review page
06:01:55.213 [main] INFO  - Click on Configure And Dropdown opened.
06:02:07.020 [main] INFO  - Select Kpi menu And clicked
06:02:07.020 [main] INFO  - Performance/Configure page is opened
06:02:08.351 [main] INFO  - Click on add button
06:02:08.352 [main] INFO  - KPI form opened
06:02:09.803 [main] INFO  - Filled up KPI form
06:02:10.454 [main] INFO  - Clicked on cancel button to check its functionality
06:02:10.454 [main] INFO  - Back to Performance/Configure page
06:02:11.585 [main] INFO  - Click on add button
06:02:11.585 [main] INFO  - KPI form opened
06:02:11.586 [main] INFO  - Clicked on add button again
06:02:12.788 [main] INFO  - Filled up KPI form
06:02:12.859 [main] INFO  - Clicked in save button
06:02:12.859 [main] INFO  - Form filled up successfully!!
06:02:17.558 [main] INFO  - Select job title to search
06:02:17.780 [main] INFO  - Clicked on search button
06:02:54.140 [main] INFO  - Blank Username and password
06:02:54.713 [main] INFO  - Blank password
06:02:55.313 [main] INFO  - Blank username
06:02:56.884 [main] INFO  - Invalid username and password
06:02:59.110 [main] INFO  - Valid username and password
06:02:59.112 [main] INFO  - Successfully Logged in!!
06:03:00.923 [main] INFO  - Click on (1) Pending Self Review of My Action Div
06:03:00.923 [main] INFO  - Landed to Performance/Manage review page
06:03:01.577 [main] INFO  - Click on Configure And Dropdown opened.
06:03:02.942 [main] INFO  - Select Kpi menu And clicked
06:03:02.943 [main] INFO  - Performance/Configure page is opened
06:03:04.218 [main] INFO  - Click on add button
06:03:04.219 [main] INFO  - KPI form opened
06:03:05.466 [main] INFO  - Filled up KPI form
06:03:06.109 [main] INFO  - Clicked on cancel button to check its functionality
06:03:06.109 [main] INFO  - Back to Performance/Configure page
06:03:07.220 [main] INFO  - Click on add button
06:03:07.221 [main] INFO  - KPI form opened
06:03:07.222 [main] INFO  - Clicked on add button again
06:03:08.507 [main] INFO  - Filled up KPI form
06:03:08.601 [main] INFO  - Clicked in save button
06:03:08.601 [main] INFO  - Form filled up successfully!!
06:03:13.318 [main] INFO  - Select job title to search
06:03:13.497 [main] INFO  - Clicked on search button
07:29:38.869 [main] INFO  - Blank Username and password
07:29:39.392 [main] INFO  - Blank password
07:29:39.800 [main] INFO  - Blank username
07:29:40.236 [main] INFO  - Invalid username and password
07:29:43.454 [main] INFO  - Valid username and password
07:29:43.455 [main] INFO  - Successfully Logged in!!
07:29:45.281 [main] INFO  - Click on (1) Pending Self Review of My Action Div
07:29:45.281 [main] INFO  - Landed to Performance/Manage review page
07:29:45.916 [main] INFO  - Click on Configure And Dropdown opened.
07:29:47.125 [main] INFO  - Select Kpi menu And clicked
07:29:47.125 [main] INFO  - Performance/Configure page is opened
07:29:48.427 [main] INFO  - Click on add button
07:29:48.428 [main] INFO  - KPI form opened
07:29:49.704 [main] INFO  - Filled up KPI form
07:29:50.358 [main] INFO  - Clicked on cancel button to check its functionality
07:29:50.358 [main] INFO  - Back to Performance/Configure page
07:29:51.534 [main] INFO  - Click on add button
07:29:51.536 [main] INFO  - KPI form opened
07:29:51.537 [main] INFO  - Clicked on add button again
07:29:52.729 [main] INFO  - Filled up KPI form
07:29:52.801 [main] INFO  - Clicked in save button
07:29:52.801 [main] INFO  - Form filled up successfully!!
07:29:57.499 [main] INFO  - Select job title to search
07:29:57.667 [main] INFO  - Clicked on search button
10:22:52.838 [main] INFO  - Blank Username and password
10:22:53.515 [main] INFO  - Blank password
10:22:54.060 [main] INFO  - Blank username
10:22:56.168 [main] INFO  - Invalid username and password
10:22:57.357 [main] INFO  - Valid username and password
10:22:57.360 [main] INFO  - Successfully Logged in!!
10:23:01.197 [main] INFO  - Click on (1) Pending Self Review of My Action Div
10:23:01.199 [main] INFO  - Landed to Performance/Manage review page
10:23:01.978 [main] INFO  - Click on Configure And Dropdown opened.
10:23:02.910 [main] INFO  - Select Kpi menu And clicked
10:23:02.910 [main] INFO  - Performance/Configure page is opened
10:23:04.618 [main] INFO  - Click on add button
10:23:04.618 [main] INFO  - KPI form opened
10:23:06.170 [main] INFO  - Filled up KPI form
10:23:07.018 [main] INFO  - Clicked on cancel button to check its functionality
10:23:07.019 [main] INFO  - Back to Performance/Configure page
10:23:08.439 [main] INFO  - Click on add button
10:23:08.439 [main] INFO  - KPI form opened
10:23:08.439 [main] INFO  - Clicked on add button again
10:23:09.788 [main] INFO  - Filled up KPI form
10:23:09.895 [main] INFO  - Clicked in save button
10:23:09.897 [main] INFO  - Form filled up successfully!!
10:23:15.387 [main] INFO  - Select job title to search
10:23:15.757 [main] INFO  - Clicked on search button
10:24:44.413 [main] INFO  - Blank Username and password
10:24:45.087 [main] INFO  - Blank password
10:24:45.714 [main] INFO  - Blank username
10:24:46.579 [main] INFO  - Invalid username and password
10:24:49.070 [main] INFO  - Valid username and password
10:24:49.070 [main] INFO  - Successfully Logged in!!
10:24:52.928 [main] INFO  - Click on (1) Pending Self Review of My Action Div
10:24:52.931 [main] INFO  - Landed to Performance/Manage review page
10:24:53.673 [main] INFO  - Click on Configure And Dropdown opened.
10:24:54.546 [main] INFO  - Select Kpi menu And clicked
10:24:54.546 [main] INFO  - Performance/Configure page is opened
10:24:56.440 [main] INFO  - Click on add button
10:24:56.440 [main] INFO  - KPI form opened
10:24:58.069 [main] INFO  - Filled up KPI form
10:24:58.867 [main] INFO  - Clicked on cancel button to check its functionality
10:24:58.868 [main] INFO  - Back to Performance/Configure page
10:25:00.077 [main] INFO  - Click on add button
10:25:00.077 [main] INFO  - KPI form opened
10:25:00.077 [main] INFO  - Clicked on add button again
10:25:01.659 [main] INFO  - Filled up KPI form
10:25:01.801 [main] INFO  - Clicked in save button
10:25:01.802 [main] INFO  - Form filled up successfully!!
10:25:07.495 [main] INFO  - Select job title to search
10:25:07.707 [main] INFO  - Clicked on search button
13:38:23.465 [main] INFO  - Blank Username and password
13:38:24.049 [main] INFO  - Blank password
13:38:24.657 [main] INFO  - Blank username
13:38:25.355 [main] INFO  - Invalid username and password
13:38:27.633 [main] INFO  - Valid username and password
13:38:27.649 [main] INFO  - Successfully Logged in!!
13:38:31.896 [main] INFO  - Click on (1) Pending Self Review of My Action Div
13:38:31.896 [main] INFO  - Landed to Performance/Manage review page
13:38:32.556 [main] INFO  - Click on Configure And Dropdown opened.
13:38:33.810 [main] INFO  - Select Kpi menu And clicked
13:38:33.810 [main] INFO  - Performance/Configure page is opened
13:38:35.226 [main] INFO  - Click on add button
13:38:35.227 [main] INFO  - KPI form opened
13:38:36.889 [main] INFO  - Filled up KPI form
13:38:37.599 [main] INFO  - Clicked on cancel button to check its functionality
13:38:37.602 [main] INFO  - Back to Performance/Configure page
13:38:38.970 [main] INFO  - Click on add button
13:38:38.971 [main] INFO  - KPI form opened
13:38:38.972 [main] INFO  - Clicked on add button again
13:38:40.489 [main] INFO  - Filled up KPI form
13:38:40.585 [main] INFO  - Clicked in save button
13:38:40.585 [main] INFO  - Form filled up successfully!!
13:38:46.083 [main] INFO  - Select job title to search
13:38:46.352 [main] INFO  - Clicked on search button
14:38:56.902 [main] INFO  - Blank Username and password
14:38:57.421 [main] INFO  - Blank password
14:38:57.854 [main] INFO  - Blank username
14:38:58.275 [main] INFO  - Invalid username and password
14:39:01.560 [main] INFO  - Valid username and password
14:39:01.561 [main] INFO  - Successfully Logged in!!
14:39:03.694 [main] INFO  - Click on (1) Pending Self Review of My Action Div
14:39:03.695 [main] INFO  - Landed to Performance/Manage review page
14:39:04.367 [main] INFO  - Click on Configure And Dropdown opened.
14:39:05.581 [main] INFO  - Select Kpi menu And clicked
14:39:05.581 [main] INFO  - Performance/Configure page is opened
14:39:06.856 [main] INFO  - Click on add button
14:39:06.856 [main] INFO  - KPI form opened
14:39:08.109 [main] INFO  - Filled up KPI form
14:39:08.756 [main] INFO  - Clicked on cancel button to check its functionality
14:39:08.756 [main] INFO  - Back to Performance/Configure page
14:39:10.008 [main] INFO  - Click on add button
14:39:10.008 [main] INFO  - KPI form opened
14:39:10.009 [main] INFO  - Clicked on add button again
14:39:11.176 [main] INFO  - Filled up KPI form
14:39:11.255 [main] INFO  - Clicked in save button
14:39:11.255 [main] INFO  - Form filled up successfully!!
14:39:44.507 [main] INFO  - Blank Username and password
14:39:45.036 [main] INFO  - Blank password
14:39:45.538 [main] INFO  - Blank username
14:39:45.972 [main] INFO  - Invalid username and password
14:39:49.801 [main] INFO  - Valid username and password
14:39:49.802 [main] INFO  - Successfully Logged in!!
14:39:51.818 [main] INFO  - Click on (1) Pending Self Review of My Action Div
14:39:51.820 [main] INFO  - Landed to Performance/Manage review page
14:39:52.429 [main] INFO  - Click on Configure And Dropdown opened.
14:39:53.624 [main] INFO  - Select Kpi menu And clicked
14:39:53.625 [main] INFO  - Performance/Configure page is opened
14:39:54.886 [main] INFO  - Click on add button
14:39:54.887 [main] INFO  - KPI form opened
14:39:56.180 [main] INFO  - Filled up KPI form
14:39:56.866 [main] INFO  - Clicked on cancel button to check its functionality
14:39:56.866 [main] INFO  - Back to Performance/Configure page
14:39:58.128 [main] INFO  - Click on add button
14:39:58.131 [main] INFO  - KPI form opened
14:39:58.131 [main] INFO  - Clicked on add button again
14:39:59.306 [main] INFO  - Filled up KPI form
14:39:59.370 [main] INFO  - Clicked in save button
14:39:59.370 [main] INFO  - Form filled up successfully!!
14:40:56.416 [main] INFO  - Blank Username and password
14:40:56.896 [main] INFO  - Blank password
14:40:57.346 [main] INFO  - Blank username
14:40:57.775 [main] INFO  - Invalid username and password
14:40:59.674 [main] INFO  - Valid username and password
14:40:59.677 [main] INFO  - Successfully Logged in!!
14:41:03.234 [main] INFO  - Click on (1) Pending Self Review of My Action Div
14:41:03.236 [main] INFO  - Landed to Performance/Manage review page
14:41:03.853 [main] INFO  - Click on Configure And Dropdown opened.
14:41:04.541 [main] INFO  - Select Kpi menu And clicked
14:41:04.541 [main] INFO  - Performance/Configure page is opened
14:41:05.974 [main] INFO  - Click on add button
14:41:05.974 [main] INFO  - KPI form opened
14:41:07.721 [main] INFO  - Filled up KPI form
14:41:08.493 [main] INFO  - Clicked on cancel button to check its functionality
14:41:08.499 [main] INFO  - Back to Performance/Configure page
14:41:09.905 [main] INFO  - Click on add button
14:41:09.906 [main] INFO  - KPI form opened
14:41:09.906 [main] INFO  - Clicked on add button again
14:41:11.413 [main] INFO  - Filled up KPI form
14:41:11.583 [main] INFO  - Clicked in save button
14:41:11.583 [main] INFO  - Form filled up successfully!!
14:41:16.531 [main] INFO  - Select job title to search
14:41:16.731 [main] INFO  - Clicked on search button
16:15:04.550 [main] INFO  - Blank Username and password
16:15:05.313 [main] INFO  - Blank password
16:15:05.956 [main] INFO  - Blank username
16:15:07.607 [main] INFO  - Invalid username and password
16:15:11.480 [main] INFO  - Valid username and password
16:15:11.480 [main] INFO  - Successfully Logged in!!
16:15:15.824 [main] INFO  - Click on (1) Pending Self Review of My Action Div
16:15:15.827 [main] INFO  - Landed to Performance/Manage review page
16:15:16.639 [main] INFO  - Click on Configure And Dropdown opened.
16:15:17.445 [main] INFO  - Select Kpi menu And clicked
16:15:17.445 [main] INFO  - Performance/Configure page is opened
16:15:19.126 [main] INFO  - Click on add button
16:15:19.128 [main] INFO  - KPI form opened
16:15:20.586 [main] INFO  - Filled up KPI form
16:15:21.418 [main] INFO  - Clicked on cancel button to check its functionality
16:15:21.418 [main] INFO  - Back to Performance/Configure page
16:15:22.698 [main] INFO  - Click on add button
16:15:22.699 [main] INFO  - KPI form opened
16:15:22.699 [main] INFO  - Clicked on add button again
16:15:24.180 [main] INFO  - Filled up KPI form
16:15:24.285 [main] INFO  - Clicked in save button
16:15:24.285 [main] INFO  - Form filled up successfully!!
16:16:29.374 [main] INFO  - Blank Username and password
16:16:30.060 [main] INFO  - Blank password
16:16:30.659 [main] INFO  - Blank username
16:16:31.308 [main] INFO  - Invalid username and password
16:16:33.794 [main] INFO  - Valid username and password
16:16:33.794 [main] INFO  - Successfully Logged in!!
16:16:34.719 [main] INFO  - Blank Username and password
16:16:35.508 [main] INFO  - Blank password
16:16:36.291 [main] INFO  - Blank username
16:16:37.056 [main] INFO  - Invalid username and password
16:16:38.172 [main] INFO  - Click on (1) Pending Self Review of My Action Div
16:16:38.172 [main] INFO  - Landed to Performance/Manage review page
16:16:38.991 [main] INFO  - Click on Configure And Dropdown opened.
16:16:39.650 [main] INFO  - Select Kpi menu And clicked
16:16:39.651 [main] INFO  - Performance/Configure page is opened
16:16:41.032 [main] INFO  - Valid username and password
16:16:41.032 [main] INFO  - Successfully Logged in!!
16:16:41.504 [main] INFO  - Click on add button
16:16:41.504 [main] INFO  - KPI form opened
16:16:43.368 [main] INFO  - Filled up KPI form
16:16:43.893 [main] INFO  - Click on (1) Pending Self Review of My Action Div
16:16:43.893 [main] INFO  - Landed to Performance/Manage review page
16:16:44.109 [main] INFO  - Clicked on cancel button to check its functionality
16:16:44.110 [main] INFO  - Back to Performance/Configure page
16:16:44.681 [main] INFO  - Click on Configure And Dropdown opened.
16:16:45.364 [main] INFO  - Click on add button
16:16:45.364 [main] INFO  - KPI form opened
16:16:45.364 [main] INFO  - Clicked on add button again
16:16:46.004 [main] INFO  - Select Kpi menu And clicked
16:16:46.004 [main] INFO  - Performance/Configure page is opened
16:16:46.884 [main] INFO  - Filled up KPI form
16:16:46.977 [main] INFO  - Clicked in save button
16:16:46.977 [main] INFO  - Form filled up successfully!!
16:16:47.429 [main] INFO  - Click on add button
16:16:47.429 [main] INFO  - KPI form opened
16:16:48.995 [main] INFO  - Filled up KPI form
16:16:49.993 [main] INFO  - Clicked on cancel button to check its functionality
16:16:49.993 [main] INFO  - Back to Performance/Configure page
16:16:51.683 [main] INFO  - Click on add button
16:16:51.683 [main] INFO  - KPI form opened
16:16:51.683 [main] INFO  - Clicked on add button again
16:16:52.608 [main] INFO  - Select job title to search
16:16:52.998 [main] INFO  - Clicked on search button
16:16:53.165 [main] INFO  - Filled up KPI form
16:16:53.254 [main] INFO  - Clicked in save button
16:16:53.254 [main] INFO  - Form filled up successfully!!
16:17:30.849 [main] INFO  - Blank Username and password
16:17:31.450 [main] INFO  - Blank password
16:17:32.165 [main] INFO  - Blank username
16:17:33.111 [main] INFO  - Invalid username and password
16:17:35.283 [main] INFO  - Valid username and password
16:17:35.287 [main] INFO  - Successfully Logged in!!
16:17:39.151 [main] INFO  - Click on (1) Pending Self Review of My Action Div
16:17:39.153 [main] INFO  - Landed to Performance/Manage review page
16:17:39.840 [main] INFO  - Click on Configure And Dropdown opened.
16:17:40.644 [main] INFO  - Select Kpi menu And clicked
16:17:40.645 [main] INFO  - Performance/Configure page is opened
16:17:42.042 [main] INFO  - Click on add button
16:17:42.042 [main] INFO  - KPI form opened
16:17:43.538 [main] INFO  - Filled up KPI form
16:17:44.335 [main] INFO  - Clicked on cancel button to check its functionality
16:17:44.337 [main] INFO  - Back to Performance/Configure page
16:17:45.909 [main] INFO  - Click on add button
16:17:45.910 [main] INFO  - KPI form opened
16:17:45.910 [main] INFO  - Clicked on add button again
16:17:47.598 [main] INFO  - Filled up KPI form
16:17:47.761 [main] INFO  - Clicked in save button
16:17:47.763 [main] INFO  - Form filled up successfully!!
16:17:54.789 [main] INFO  - Select job title to search
16:17:55.025 [main] INFO  - Clicked on search button
